<?xml version="1.0" encoding="UTF-8"?>
<!-- Generated by org.testng.reporters.JUnitXMLReporter -->
<testsuite ignored="0" hostname="LAPTOP-HRHRPB70" failures="1" tests="13" name="EdgeTest" time="122.259" errors="0" timestamp="2024-12-21T11:26:34 IST">
  <testcase classname="testClasses.ManageUsersTestClass" name="verifyTheManagerUsersPageIsOpenWhileClickingOnUsers" time="10.755"/>
  <testcase classname="testClasses.ManageUsersTestClass" name="verifyToAddNewUser" time="0.001">
    <skipped/>
  </testcase> <!-- verifyToAddNewUser -->
  <testcase classname="testClasses.HomePageTestClass" name="verifySuccessfullSignOut" time="10.52"/>
  <testcase classname="testClasses.HomePageTestClass" name="verifyTheCountOfTilesDisplayedOnHomePage" time="0.0">
    <skipped/>
  </testcase> <!-- verifyTheCountOfTilesDisplayedOnHomePage -->
  <testcase classname="testClasses.HomePageTestClass" name="verifyTheTooltip_Calculator_isShowingWhileHoveringTheMouseOnCalculator" time="0.0">
    <skipped/>
  </testcase> <!-- verifyTheTooltip_Calculator_isShowingWhileHoveringTheMouseOnCalculator -->
  <testcase classname="testClasses.LoginPageTestClass" name="verifyCheckBoxIsSelectedByDefaultOrNot" time="0.188"/>
  <testcase classname="testClasses.LoginPageTestClass" name="verifyResetPasswordPageComingWhileComingOnForgotYourPassword" time="0.0">
    <skipped/>
  </testcase> <!-- verifyResetPasswordPageComingWhileComingOnForgotYourPassword -->
  <testcase classname="testClasses.LoginPageTestClass" name="verifyUnsuccessfulLogin" time="0.0">
    <failure type="java.lang.RuntimeException" message="java.lang.IllegalStateException: Cannot get a STRING value from a NUMERIC cell">
      <![CDATA[java.lang.RuntimeException: java.lang.IllegalStateException: Cannot get a STRING value from a NUMERIC cell
at java.base/java.util.ArrayList.forEach(ArrayList.java:1511)
Caused by: java.lang.IllegalStateException: Cannot get a STRING value from a NUMERIC cell
at org.apache.poi.xssf.usermodel.XSSFCell.typeMismatch(XSSFCell.java:984)
at org.apache.poi.xssf.usermodel.XSSFCell.getRichStringCellValue(XSSFCell.java:311)
at org.apache.poi.xssf.usermodel.XSSFCell.getStringCellValue(XSSFCell.java:280)
at utilityClasses.ExcelReadClass.getStringdata(ExcelReadClass.java:24)
at testClasses.DataProviderUnsuccessfulLogin.dp(DataProviderUnsuccessfulLogin.java:16)
... 25 more
... Removed 32 stack frames]]>
    </failure>
  </testcase> <!-- verifyUnsuccessfulLogin -->
  <testcase classname="testClasses.LoginPageTestClass" name="verifySuccessfulLogin" time="0.0">
    <skipped/>
  </testcase> <!-- verifySuccessfulLogin -->
  <testcase classname="testClasses.LoginPageTestClass" name="verifyTheExactURL_opensWhileHittingTheBaseURL" time="0.001">
    <skipped/>
  </testcase> <!-- verifyTheExactURL_opensWhileHittingTheBaseURL -->
  <testcase classname="testClasses.ProductPageTestClass" name="verifyProductsPageIsOpenWhileClickingOnListProducts" time="11.765"/>
  <testcase classname="testClasses.ProductPageTestClass" name="verifyToDeleteAddedProduct" time="0.0">
    <skipped/>
  </testcase> <!-- verifyToDeleteAddedProduct -->
  <testcase classname="testClasses.ProductPageTestClass" name="verifyTocreateA_newProduct" time="0.0">
    <skipped/>
  </testcase> <!-- verifyTocreateA_newProduct -->
</testsuite> <!-- EdgeTest -->
