<?xml version="1.0" encoding="UTF-8"?>
<!-- Generated by org.testng.reporters.JUnitXMLReporter -->
<testsuite ignored="0" hostname="LAPTOP-HRHRPB70" failures="0" tests="7" name="Test2" time="267.384" errors="0" timestamp="2024-12-23T19:46:12 IST">
  <testcase classname="testClasses.LoginPageTestClass" name="verifyCheckBoxIsSelectedByDefaultOrNot" time="1.031"/>
  <testcase classname="testClasses.LoginPageTestClass" name="verifyResetPasswordPageComingWhileComingOnForgotYourPassword" time="3.891"/>
  <testcase classname="testClasses.LoginPageTestClass" name="verifyUnsuccessfulLogin" time="26.293"/>
  <testcase classname="testClasses.LoginPageTestClass" name="verifyUnsuccessfulLogin" time="12.588"/>
  <testcase classname="testClasses.LoginPageTestClass" name="verifyUnsuccessfulLogin" time="0.001">
    <skipped/>
  </testcase> <!-- verifyUnsuccessfulLogin -->
  <testcase classname="testClasses.LoginPageTestClass" name="verifySuccessfulLogin" time="0.001">
    <skipped/>
  </testcase> <!-- verifySuccessfulLogin -->
  <testcase classname="testClasses.LoginPageTestClass" name="verifyTheExactURL_opensWhileHittingTheBaseURL" time="0.001">
    <skipped/>
  </testcase> <!-- verifyTheExactURL_opensWhileHittingTheBaseURL -->
</testsuite> <!-- Test2 -->
