<?xml version="1.0" encoding="UTF-8"?>
<!-- Generated by org.testng.reporters.JUnitXMLReporter -->
<testsuite ignored="3" hostname="LAPTOP-HRHRPB70" failures="0" tests="1" name="Default test" time="36.025" errors="0" timestamp="2024-12-27T15:22:58 IST">
  <testcase classname="testClasses.ProductPageTestClass" name="verifyToCreateAndDeleteA_NewProductUsingRandomDataUtility" time="21.33"/>
  <testcase classname="testClasses.ProductPageTestClass" name="verifyToDeleteAddedProduct" time="0.0">
    <ignored/>
  </testcase> <!-- verifyToDeleteAddedProduct -->
  <testcase classname="testClasses.ProductPageTestClass" name="verifyTocreateA_newProduct" time="0.0">
    <ignored/>
  </testcase> <!-- verifyTocreateA_newProduct -->
  <testcase classname="testClasses.ProductPageTestClass" name="verifyProductsPageIsOpenWhileClickingOnListProducts" time="0.0">
    <ignored/>
  </testcase> <!-- verifyProductsPageIsOpenWhileClickingOnListProducts -->
</testsuite> <!-- Default test -->
